<?xml version="1.0" encoding="UTF-8"?>
<testsuite xmlns:xsi="http://www.w3.org/2001/XMLSchema-instance" xsi:noNamespaceSchemaLocation="https://maven.apache.org/surefire/maven-surefire-plugin/xsd/surefire-test-report.xsd" name="com.nt.test.TestBankService" time="0.024" tests="4" errors="0" skipped="0" failures="0">
  <properties>
[...]
</properties>
  <testcase name="com.nt.test.TestBankService.testcalcSimpleInterestAmountWithInvalidArgument" classname="com.nt.test.TestBankService" time="0.001"/>
  <testcase name="com.nt.test.TestBankService.testcalcSimpleInterestAmountWithSmallNumber" classname="com.nt.test.TestBankService" time="0.005"/>
  <testcase name="com.nt.test.TestBankService.testcalcSimpleInterestAmountWithDuration" classname="com.nt.test.TestBankService" time="0.005"/>
  <testcase name="com.nt.test.TestBankService.testcalcSimpleInterestAmountWithBigNumber" classname="com.nt.test.TestBankService" time="0.002"/>
</testsuite>